<?xml version="1.0" encoding="UTF-8"?>
<testng-results ignored="0" total="0" passed="0" failed="0" skipped="0">
  <reporter-output>
  </reporter-output>
  <suite started-at="2023-03-24T20:27:32 IST" name="Suite" finished-at="2023-03-24T20:27:37 IST" duration-ms="4217">
    <groups>
    </groups>
    <test started-at="2023-03-24T20:27:32 IST" name="ChromeTest" finished-at="2023-03-24T20:27:37 IST" duration-ms="4217">
      <class name="nopcommerce.stepdefinition.Stepdefinition">
        <test-method is-config="true" signature="open_the_browser(java.lang.String)[pri:0, instance:nopcommerce.stepdefinition.Stepdefinition@2e48362c]" started-at="2023-03-24T20:27:32 IST" name="open_the_browser" finished-at="2023-03-24T20:27:37 IST" duration-ms="4211" status="PASS">
          <params>
            <param index="0">
              <value>
                <![CDATA[chrome]]>
              </value>
            </param>
          </params>
          <reporter-output>
          </reporter-output>
        </test-method> <!-- open_the_browser -->
      </class> <!-- nopcommerce.stepdefinition.Stepdefinition -->
    </test> <!-- ChromeTest -->
  </suite> <!-- Suite -->
</testng-results>
